[1120/180654.397:ERROR:filesystem_win.cc(129)] GetFileAttributes C:\Users\radio\AppData\Local\Google\Chrome\User Data\Crashpad\attachments\15325f34-9f49-43f9-a651-c84378e05a1b: El sistema no puede encontrar la ruta especificada. (0x3)
[1202/115353.932:ERROR:directory_reader_win.cc(43)] FindFirstFile: El sistema no puede encontrar la ruta especificada. (0x3)
[1204/151622.826:ERROR:directory_reader_win.cc(43)] FindFirstFile: El sistema no puede encontrar la ruta especificada. (0x3)
[1204/165031.295:ERROR:filesystem_win.cc(129)] GetFileAttributes C:\Users\radio\AppData\Local\Google\Chrome\User Data\Crashpad\attachments\6bf977df-15d6-40a6-bca6-2f266edabf92: El sistema no puede encontrar la ruta especificada. (0x3)
[1214/181502.189:ERROR:directory_reader_win.cc(43)] FindFirstFile: El sistema no puede encontrar la ruta especificada. (0x3)
[1214/201944.758:ERROR:process_reader_win.cc(151)] SuspendThread: Acceso denegado. (0x5)
[1214/201944.760:ERROR:process_reader_win.cc(151)] SuspendThread: Acceso denegado. (0x5)
[1214/201944.798:ERROR:process_reader_win.cc(151)] SuspendThread: Acceso denegado. (0x5)
[1214/201944.798:ERROR:process_reader_win.cc(151)] SuspendThread: Acceso denegado. (0x5)
[1214/201944.798:ERROR:process_reader_win.cc(151)] SuspendThread: Acceso denegado. (0x5)
[1214/201944.798:ERROR:process_reader_win.cc(151)] SuspendThread: Acceso denegado. (0x5)
[1214/201944.798:ERROR:process_reader_win.cc(151)] SuspendThread: Acceso denegado. (0x5)
[1214/201944.799:ERROR:process_reader_win.cc(151)] SuspendThread: Acceso denegado. (0x5)
[1214/201944.799:ERROR:process_reader_win.cc(151)] SuspendThread: Acceso denegado. (0x5)
[1214/201944.800:ERROR:exception_snapshot_win.cc(99)] thread ID 15876 not found in process
[1214/201944.798:ERROR:process_reader_win.cc(151)] SuspendThread: Acceso denegado. (0x5)
[1214/201944.801:ERROR:process_reader_win.cc(151)] SuspendThread: Acceso denegado. (0x5)
[1214/201944.801:ERROR:process_reader_win.cc(151)] SuspendThread: Acceso denegado. (0x5)
[1214/201944.801:ERROR:process_reader_win.cc(151)] SuspendThread: Acceso denegado. (0x5)
[1214/201944.801:ERROR:process_reader_win.cc(151)] SuspendThread: Acceso denegado. (0x5)
[1214/201944.801:ERROR:process_reader_win.cc(151)] SuspendThread: Acceso denegado. (0x5)
[1214/201944.801:ERROR:process_reader_win.cc(151)] SuspendThread: Acceso denegado. (0x5)
[1214/201944.801:ERROR:process_reader_win.cc(151)] SuspendThread: Acceso denegado. (0x5)
[1214/201944.802:ERROR:process_reader_win.cc(151)] SuspendThread: Acceso denegado. (0x5)
[1214/201944.802:ERROR:process_reader_win.cc(151)] SuspendThread: Acceso denegado. (0x5)
[1214/201944.802:ERROR:process_reader_win.cc(151)] SuspendThread: Acceso denegado. (0x5)
[1214/201944.802:ERROR:process_reader_win.cc(151)] SuspendThread: Acceso denegado. (0x5)
[1214/201944.802:ERROR:process_reader_win.cc(151)] SuspendThread: Acceso denegado. (0x5)
[1214/201944.802:ERROR:exception_snapshot_win.cc(99)] thread ID 15608 not found in process
[1214/201944.812:ERROR:scoped_process_suspend.cc(40)] NtResumeProcess: Se intentó obtener acceso a un proceso que está cerrándose. (0xc000010a)
[1214/201944.813:ERROR:scoped_process_suspend.cc(40)] NtResumeProcess: Se intentó obtener acceso a un proceso que está cerrándose. (0xc000010a)
[1214/201945.483:ERROR:filesystem_win.cc(129)] GetFileAttributes C:\Users\radio\AppData\Local\Google\Chrome\User Data\Crashpad\attachments\0c2b7af7-d38e-40dd-b578-5140969ab627: El sistema no puede encontrar la ruta especificada. (0x3)
[1214/215056.959:ERROR:process_info.cc(359)] UncheckedAllocate
[1214/215057.308:ERROR:filesystem_win.cc(129)] GetFileAttributes C:\Users\radio\AppData\Local\Google\Chrome\User Data\Crashpad\attachments\66d80650-b62a-40cf-9098-b67315c12670: El sistema no puede encontrar la ruta especificada. (0x3)
[1221/180128.011:ERROR:directory_reader_win.cc(43)] FindFirstFile: El sistema no puede encontrar la ruta especificada. (0x3)
[1221/190847.669:ERROR:directory_reader_win.cc(43)] FindFirstFile: El sistema no puede encontrar la ruta especificada. (0x3)
[1224/013742.571:ERROR:directory_reader_win.cc(43)] FindFirstFile: El sistema no puede encontrar la ruta especificada. (0x3)
[1224/030136.711:ERROR:process_info.cc(359)] UncheckedAllocate
[1224/030136.711:ERROR:process_info.cc(359)] UncheckedAllocate
[1224/030137.395:ERROR:filesystem_win.cc(129)] GetFileAttributes C:\Users\radio\AppData\Local\Google\Chrome\User Data\Crashpad\attachments\1fe12339-fb4f-4def-bb2b-91987985d93a: El sistema no puede encontrar la ruta especificada. (0x3)
